<?xml version="1.0" encoding="UTF-8"?>
<testsuite name="com.crud.tasks.service.SimpleEmailServiceTest" tests="1" skipped="0" failures="0" errors="0" timestamp="2023-02-23T12:44:23" hostname="LAPTOP-6257JG67" time="0.223">
  <properties/>
  <testcase name="shouldSendEmail()" classname="com.crud.tasks.service.SimpleEmailServiceTest" time="0.223"/>
  <system-out><![CDATA[2023-02-23 13:44:23.601  INFO 20544 --- [    Test worker] c.crud.tasks.service.SimpleEmailService  : Starting email preparation...
2023-02-23 13:44:23.605  INFO 20544 --- [    Test worker] c.crud.tasks.service.SimpleEmailService  : Email has been sent.
]]></system-out>
  <system-err><![CDATA[]]></system-err>
</testsuite>
