<?xml version="1.0" encoding="UTF-8"?>
<testsuite name="com.crud.tasks.mapper.TaskMapperTest" tests="3" skipped="0" failures="0" errors="0" timestamp="2023-03-01T14:16:23" hostname="LAPTOP-6257JG67" time="0.02">
  <properties/>
  <testcase name="testMapToTaskDto()" classname="com.crud.tasks.mapper.TaskMapperTest" time="0.006"/>
  <testcase name="testMapToTaskDtoList()" classname="com.crud.tasks.mapper.TaskMapperTest" time="0.007"/>
  <testcase name="testMapToTask()" classname="com.crud.tasks.mapper.TaskMapperTest" time="0.005"/>
  <system-out><![CDATA[2023-03-01 15:16:14.624  INFO 4204 --- [    Test worker] .b.t.c.SpringBootTestContextBootstrapper : Neither @ContextConfiguration nor @ContextHierarchy found for test class [com.crud.tasks.mapper.TaskMapperTest], using SpringBootContextLoader
2023-03-01 15:16:14.625  INFO 4204 --- [    Test worker] o.s.t.c.support.AbstractContextLoader    : Could not detect default resource locations for test class [com.crud.tasks.mapper.TaskMapperTest]: no resource found for suffixes {-context.xml, Context.groovy}.
2023-03-01 15:16:14.625  INFO 4204 --- [    Test worker] t.c.s.AnnotationConfigContextLoaderUtils : Could not detect default configuration classes for test class [com.crud.tasks.mapper.TaskMapperTest]: TaskMapperTest does not declare any static, non-private, non-final, nested classes annotated with @Configuration.
2023-03-01 15:16:14.639  INFO 4204 --- [    Test worker] .b.t.c.SpringBootTestContextBootstrapper : Found @SpringBootConfiguration com.crud.tasks.TasksApplication for test class com.crud.tasks.mapper.TaskMapperTest
2023-03-01 15:16:14.645  INFO 4204 --- [    Test worker] .b.t.c.SpringBootTestContextBootstrapper : Loaded default TestExecutionListener class names from location [META-INF/spring.factories]: [org.springframework.boot.test.autoconfigure.restdocs.RestDocsTestExecutionListener, org.springframework.boot.test.autoconfigure.web.client.MockRestServiceServerResetTestExecutionListener, org.springframework.boot.test.autoconfigure.web.servlet.MockMvcPrintOnlyOnFailureTestExecutionListener, org.springframework.boot.test.autoconfigure.web.servlet.WebDriverTestExecutionListener, org.springframework.boot.test.autoconfigure.webservices.client.MockWebServiceServerTestExecutionListener, org.springframework.boot.test.mock.mockito.MockitoTestExecutionListener, org.springframework.boot.test.mock.mockito.ResetMocksTestExecutionListener, org.springframework.test.context.web.ServletTestExecutionListener, org.springframework.test.context.support.DirtiesContextBeforeModesTestExecutionListener, org.springframework.test.context.event.ApplicationEventsTestExecutionListener, org.springframework.test.context.support.DependencyInjectionTestExecutionListener, org.springframework.test.context.support.DirtiesContextTestExecutionListener, org.springframework.test.context.transaction.TransactionalTestExecutionListener, org.springframework.test.context.jdbc.SqlScriptsTestExecutionListener, org.springframework.test.context.event.EventPublishingTestExecutionListener]
2023-03-01 15:16:14.645  INFO 4204 --- [    Test worker] .b.t.c.SpringBootTestContextBootstrapper : Using TestExecutionListeners: [org.springframework.test.context.web.ServletTestExecutionListener@27dfd12b, org.springframework.test.context.support.DirtiesContextBeforeModesTestExecutionListener@4348fa35, org.springframework.test.context.event.ApplicationEventsTestExecutionListener@563843f1, org.springframework.boot.test.mock.mockito.MockitoTestExecutionListener@38cb1606, org.springframework.boot.test.autoconfigure.SpringBootDependencyInjectionTestExecutionListener@61c4cebd, org.springframework.test.context.support.DirtiesContextTestExecutionListener@655909e2, org.springframework.test.context.transaction.TransactionalTestExecutionListener@716ae973, org.springframework.test.context.jdbc.SqlScriptsTestExecutionListener@1171ba7e, org.springframework.test.context.event.EventPublishingTestExecutionListener@56872fcb, org.springframework.boot.test.autoconfigure.restdocs.RestDocsTestExecutionListener@7b3c2ae0, org.springframework.boot.test.autoconfigure.web.client.MockRestServiceServerResetTestExecutionListener@5d3b6585, org.springframework.boot.test.autoconfigure.web.servlet.MockMvcPrintOnlyOnFailureTestExecutionListener@41059616, org.springframework.boot.test.autoconfigure.web.servlet.WebDriverTestExecutionListener@2e93108a, org.springframework.boot.test.autoconfigure.webservices.client.MockWebServiceServerTestExecutionListener@34e25492, org.springframework.boot.test.mock.mockito.ResetMocksTestExecutionListener@32f308c6]

  .   ____          _            __ _ _
 /\\ / ___'_ __ _ _(_)_ __  __ _ \ \ \ \
( ( )\___ | '_ | '_| | '_ \/ _` | \ \ \ \
 \\/  ___)| |_)| | | | | || (_| |  ) ) ) )
  '  |____| .__|_| |_|_| |_\__, | / / / /
 =========|_|==============|___/=/_/_/_/
 :: Spring Boot ::                (v2.7.9)

2023-03-01 15:16:14.686  INFO 4204 --- [    Test worker] com.crud.tasks.mapper.TaskMapperTest     : Starting TaskMapperTest using Java 17.0.4 on LAPTOP-6257JG67 with PID 4204 (started by wisni in C:\Users\wisni\dev\tasks)
2023-03-01 15:16:14.686  INFO 4204 --- [    Test worker] com.crud.tasks.mapper.TaskMapperTest     : No active profile set, falling back to 1 default profile: "default"
2023-03-01 15:16:15.874  INFO 4204 --- [    Test worker] .s.d.r.c.RepositoryConfigurationDelegate : Bootstrapping Spring Data JPA repositories in DEFAULT mode.
2023-03-01 15:16:15.968  INFO 4204 --- [    Test worker] .s.d.r.c.RepositoryConfigurationDelegate : Finished Spring Data repository scanning in 80 ms. Found 1 JPA repository interfaces.
2023-03-01 15:16:16.618  INFO 4204 --- [    Test worker] o.hibernate.jpa.internal.util.LogHelper  : HHH000204: Processing PersistenceUnitInfo [name: default]
2023-03-01 15:16:16.700  INFO 4204 --- [    Test worker] org.hibernate.Version                    : HHH000412: Hibernate ORM core version 5.6.15.Final
2023-03-01 15:16:16.762  INFO 4204 --- [    Test worker] o.hibernate.annotations.common.Version   : HCANN000001: Hibernate Commons Annotations {5.1.2.Final}
2023-03-01 15:16:16.949  INFO 4204 --- [    Test worker] com.zaxxer.hikari.HikariDataSource       : HikariPool-1 - Starting...
2023-03-01 15:16:17.262  INFO 4204 --- [    Test worker] com.zaxxer.hikari.HikariDataSource       : HikariPool-1 - Start completed.
2023-03-01 15:16:17.285  INFO 4204 --- [    Test worker] org.hibernate.dialect.Dialect            : HHH000400: Using dialect: org.hibernate.dialect.MySQL57Dialect
2023-03-01 15:16:18.160  INFO 4204 --- [    Test worker] o.h.e.t.j.p.i.JtaPlatformInitiator       : HHH000490: Using JtaPlatform implementation: [org.hibernate.engine.transaction.jta.platform.internal.NoJtaPlatform]
2023-03-01 15:16:18.182  INFO 4204 --- [    Test worker] j.LocalContainerEntityManagerFactoryBean : Initialized JPA EntityManagerFactory for persistence unit 'default'
2023-03-01 15:16:19.204  WARN 4204 --- [    Test worker] JpaBaseConfiguration$JpaWebConfiguration : spring.jpa.open-in-view is enabled by default. Therefore, database queries may be performed during view rendering. Explicitly configure spring.jpa.open-in-view to disable this warning
2023-03-01 15:16:23.075  INFO 4204 --- [    Test worker] o.s.b.a.e.web.EndpointLinksResolver      : Exposing 13 endpoint(s) beneath base path '/actuator'
2023-03-01 15:16:23.202  INFO 4204 --- [    Test worker] com.crud.tasks.mapper.TaskMapperTest     : Started TaskMapperTest in 8.553 seconds (JVM running for 22.932)
]]></system-out>
  <system-err><![CDATA[]]></system-err>
</testsuite>
