<?xml version="1.0" encoding="UTF-8"?>
<testsuite name="com.crud.tasks.service.SimpleEmailServiceTest" tests="1" skipped="0" failures="0" errors="0" timestamp="2023-02-23T11:21:11" hostname="LAPTOP-6257JG67" time="0.088">
  <properties/>
  <testcase name="shouldSendEmail()" classname="com.crud.tasks.service.SimpleEmailServiceTest" time="0.088"/>
  <system-out><![CDATA[2023-02-23 12:21:12.028  INFO 3872 --- [    Test worker] c.crud.tasks.service.SimpleEmailService  : Starting email preparation...
2023-02-23 12:21:12.033  INFO 3872 --- [    Test worker] c.crud.tasks.service.SimpleEmailService  : Email has been sent.
]]></system-out>
  <system-err><![CDATA[]]></system-err>
</testsuite>
