<?xml version="1.0" encoding="UTF-8"?>
<testsuite name="com.crud.tasks.trello.TrelloFacadeTest" tests="2" skipped="0" failures="0" errors="0" timestamp="2023-03-02T10:36:17" hostname="LAPTOP-6257JG67" time="0.096">
  <properties/>
  <testcase name="testCreateCard()" classname="com.crud.tasks.trello.TrelloFacadeTest" time="0.087"/>
  <testcase name="shouldFetchEmptyList()" classname="com.crud.tasks.trello.TrelloFacadeTest" time="0.008"/>
  <system-out><![CDATA[]]></system-out>
  <system-err><![CDATA[]]></system-err>
</testsuite>
