<?xml version="1.0" encoding="UTF-8"?>
<testsuite name="com.crud.tasks.trello.service.TrelloServiceTest" tests="2" skipped="0" failures="0" errors="0" timestamp="2023-02-23T11:21:13" hostname="LAPTOP-6257JG67" time="0.03">
  <properties/>
  <testcase name="testFetchTrelloBoard()" classname="com.crud.tasks.trello.service.TrelloServiceTest" time="0.026"/>
  <testcase name="testCreatTrelloCard()" classname="com.crud.tasks.trello.service.TrelloServiceTest" time="0.003"/>
  <system-out><![CDATA[]]></system-out>
  <system-err><![CDATA[]]></system-err>
</testsuite>
