<?xml version="1.0" encoding="UTF-8"?>
<testsuite name="com.crud.tasks.trello.controller.TrelloControllerTest" tests="3" skipped="0" failures="0" errors="0" timestamp="2023-03-02T10:36:19" hostname="LAPTOP-6257JG67" time="0.061">
  <properties/>
  <testcase name="shouldFetchTrelloBoards()" classname="com.crud.tasks.trello.controller.TrelloControllerTest" time="0.025"/>
  <testcase name="shouldFetchEmptyTrelloBoards()" classname="com.crud.tasks.trello.controller.TrelloControllerTest" time="0.01"/>
  <testcase name="shouldCreateTrelloCard()" classname="com.crud.tasks.trello.controller.TrelloControllerTest" time="0.022"/>
  <system-out><![CDATA[2023-03-02 11:36:18.218  INFO 42544 --- [    Test worker] o.s.t.c.support.AbstractContextLoader    : Could not detect default resource locations for test class [com.crud.tasks.trello.controller.TrelloControllerTest]: no resource found for suffixes {-context.xml, Context.groovy}.
2023-03-02 11:36:18.219  INFO 42544 --- [    Test worker] t.c.s.AnnotationConfigContextLoaderUtils : Could not detect default configuration classes for test class [com.crud.tasks.trello.controller.TrelloControllerTest]: TrelloControllerTest does not declare any static, non-private, non-final, nested classes annotated with @Configuration.
2023-03-02 11:36:18.234  INFO 42544 --- [    Test worker] .b.t.c.SpringBootTestContextBootstrapper : Found @SpringBootConfiguration com.crud.tasks.TasksApplication for test class com.crud.tasks.trello.controller.TrelloControllerTest
2023-03-02 11:36:18.235  INFO 42544 --- [    Test worker] .b.t.a.w.s.WebMvcTestContextBootstrapper : Loaded default TestExecutionListener class names from location [META-INF/spring.factories]: [org.springframework.boot.test.autoconfigure.restdocs.RestDocsTestExecutionListener, org.springframework.boot.test.autoconfigure.web.client.MockRestServiceServerResetTestExecutionListener, org.springframework.boot.test.autoconfigure.web.servlet.MockMvcPrintOnlyOnFailureTestExecutionListener, org.springframework.boot.test.autoconfigure.web.servlet.WebDriverTestExecutionListener, org.springframework.boot.test.autoconfigure.webservices.client.MockWebServiceServerTestExecutionListener, org.springframework.boot.test.mock.mockito.MockitoTestExecutionListener, org.springframework.boot.test.mock.mockito.ResetMocksTestExecutionListener, org.springframework.test.context.web.ServletTestExecutionListener, org.springframework.test.context.support.DirtiesContextBeforeModesTestExecutionListener, org.springframework.test.context.event.ApplicationEventsTestExecutionListener, org.springframework.test.context.support.DependencyInjectionTestExecutionListener, org.springframework.test.context.support.DirtiesContextTestExecutionListener, org.springframework.test.context.transaction.TransactionalTestExecutionListener, org.springframework.test.context.jdbc.SqlScriptsTestExecutionListener, org.springframework.test.context.event.EventPublishingTestExecutionListener]
2023-03-02 11:36:18.236  INFO 42544 --- [    Test worker] .b.t.a.w.s.WebMvcTestContextBootstrapper : Using TestExecutionListeners: [org.springframework.test.context.web.ServletTestExecutionListener@5aac9d67, org.springframework.test.context.support.DirtiesContextBeforeModesTestExecutionListener@292d1705, org.springframework.test.context.event.ApplicationEventsTestExecutionListener@70796b21, org.springframework.boot.test.mock.mockito.MockitoTestExecutionListener@4263fbe8, org.springframework.boot.test.autoconfigure.SpringBootDependencyInjectionTestExecutionListener@7c9a0166, org.springframework.test.context.support.DirtiesContextTestExecutionListener@3d4ea4cf, org.springframework.test.context.transaction.TransactionalTestExecutionListener@655e024, org.springframework.test.context.jdbc.SqlScriptsTestExecutionListener@5b34e7bd, org.springframework.test.context.event.EventPublishingTestExecutionListener@77095c8c, org.springframework.boot.test.autoconfigure.restdocs.RestDocsTestExecutionListener@3f29e67e, org.springframework.boot.test.autoconfigure.web.client.MockRestServiceServerResetTestExecutionListener@16d4757f, org.springframework.boot.test.autoconfigure.web.servlet.MockMvcPrintOnlyOnFailureTestExecutionListener@6aa16117, org.springframework.boot.test.autoconfigure.web.servlet.WebDriverTestExecutionListener@5771adf3, org.springframework.boot.test.autoconfigure.webservices.client.MockWebServiceServerTestExecutionListener@271bbb75, org.springframework.boot.test.mock.mockito.ResetMocksTestExecutionListener@12515d64]

  .   ____          _            __ _ _
 /\\ / ___'_ __ _ _(_)_ __  __ _ \ \ \ \
( ( )\___ | '_ | '_| | '_ \/ _` | \ \ \ \
 \\/  ___)| |_)| | | | | || (_| |  ) ) ) )
  '  |____| .__|_| |_|_| |_\__, | / / / /
 =========|_|==============|___/=/_/_/_/
 :: Spring Boot ::                (v2.7.9)

2023-03-02 11:36:18.280  INFO 42544 --- [    Test worker] c.c.t.t.controller.TrelloControllerTest  : Starting TrelloControllerTest using Java 17.0.4 on LAPTOP-6257JG67 with PID 42544 (started by wisni in C:\Users\wisni\dev\tasks)
2023-03-02 11:36:18.281  INFO 42544 --- [    Test worker] c.c.t.t.controller.TrelloControllerTest  : No active profile set, falling back to 1 default profile: "default"
2023-03-02 11:36:18.742  INFO 42544 --- [    Test worker] o.s.b.a.w.s.WelcomePageHandlerMapping    : Adding welcome page template: index
2023-03-02 11:36:19.445  INFO 42544 --- [    Test worker] o.s.b.t.m.w.SpringBootMockServletContext : Initializing Spring TestDispatcherServlet ''
2023-03-02 11:36:19.446  INFO 42544 --- [    Test worker] o.s.t.web.servlet.TestDispatcherServlet  : Initializing Servlet ''
2023-03-02 11:36:19.447  INFO 42544 --- [    Test worker] o.s.t.web.servlet.TestDispatcherServlet  : Completed initialization in 1 ms
2023-03-02 11:36:19.465  INFO 42544 --- [    Test worker] c.c.t.t.controller.TrelloControllerTest  : Started TrelloControllerTest in 1.226 seconds (JVM running for 18.149)
]]></system-out>
  <system-err><![CDATA[]]></system-err>
</testsuite>
