<?xml version="1.0" encoding="UTF-8"?>
<testsuite name="com.crud.tasks.trello.mapper.TrelloMapperTest" tests="6" skipped="0" failures="0" errors="0" timestamp="2023-03-02T10:36:19" hostname="LAPTOP-6257JG67" time="0.043">
  <properties/>
  <testcase name="testMapToBoard()" classname="com.crud.tasks.trello.mapper.TrelloMapperTest" time="0.006"/>
  <testcase name="testMapToBoardDto()" classname="com.crud.tasks.trello.mapper.TrelloMapperTest" time="0.006"/>
  <testcase name="testMapToListDto()" classname="com.crud.tasks.trello.mapper.TrelloMapperTest" time="0.006"/>
  <testcase name="testMapToCardDto()" classname="com.crud.tasks.trello.mapper.TrelloMapperTest" time="0.006"/>
  <testcase name="testMapToCard()" classname="com.crud.tasks.trello.mapper.TrelloMapperTest" time="0.006"/>
  <testcase name="testMapToList()" classname="com.crud.tasks.trello.mapper.TrelloMapperTest" time="0.006"/>
  <system-out><![CDATA[2023-03-02 11:36:19.535  INFO 42544 --- [    Test worker] .b.t.c.SpringBootTestContextBootstrapper : Neither @ContextConfiguration nor @ContextHierarchy found for test class [com.crud.tasks.trello.mapper.TrelloMapperTest], using SpringBootContextLoader
2023-03-02 11:36:19.536  INFO 42544 --- [    Test worker] o.s.t.c.support.AbstractContextLoader    : Could not detect default resource locations for test class [com.crud.tasks.trello.mapper.TrelloMapperTest]: no resource found for suffixes {-context.xml, Context.groovy}.
2023-03-02 11:36:19.536  INFO 42544 --- [    Test worker] t.c.s.AnnotationConfigContextLoaderUtils : Could not detect default configuration classes for test class [com.crud.tasks.trello.mapper.TrelloMapperTest]: TrelloMapperTest does not declare any static, non-private, non-final, nested classes annotated with @Configuration.
2023-03-02 11:36:19.546  INFO 42544 --- [    Test worker] .b.t.c.SpringBootTestContextBootstrapper : Found @SpringBootConfiguration com.crud.tasks.TasksApplication for test class com.crud.tasks.trello.mapper.TrelloMapperTest
2023-03-02 11:36:19.549  INFO 42544 --- [    Test worker] .b.t.c.SpringBootTestContextBootstrapper : Loaded default TestExecutionListener class names from location [META-INF/spring.factories]: [org.springframework.boot.test.autoconfigure.restdocs.RestDocsTestExecutionListener, org.springframework.boot.test.autoconfigure.web.client.MockRestServiceServerResetTestExecutionListener, org.springframework.boot.test.autoconfigure.web.servlet.MockMvcPrintOnlyOnFailureTestExecutionListener, org.springframework.boot.test.autoconfigure.web.servlet.WebDriverTestExecutionListener, org.springframework.boot.test.autoconfigure.webservices.client.MockWebServiceServerTestExecutionListener, org.springframework.boot.test.mock.mockito.MockitoTestExecutionListener, org.springframework.boot.test.mock.mockito.ResetMocksTestExecutionListener, org.springframework.test.context.web.ServletTestExecutionListener, org.springframework.test.context.support.DirtiesContextBeforeModesTestExecutionListener, org.springframework.test.context.event.ApplicationEventsTestExecutionListener, org.springframework.test.context.support.DependencyInjectionTestExecutionListener, org.springframework.test.context.support.DirtiesContextTestExecutionListener, org.springframework.test.context.transaction.TransactionalTestExecutionListener, org.springframework.test.context.jdbc.SqlScriptsTestExecutionListener, org.springframework.test.context.event.EventPublishingTestExecutionListener]
2023-03-02 11:36:19.550  INFO 42544 --- [    Test worker] .b.t.c.SpringBootTestContextBootstrapper : Using TestExecutionListeners: [org.springframework.test.context.web.ServletTestExecutionListener@38950d4b, org.springframework.test.context.support.DirtiesContextBeforeModesTestExecutionListener@32fa7ff0, org.springframework.test.context.event.ApplicationEventsTestExecutionListener@32fccfc2, org.springframework.boot.test.mock.mockito.MockitoTestExecutionListener@4702faee, org.springframework.boot.test.autoconfigure.SpringBootDependencyInjectionTestExecutionListener@576d4810, org.springframework.test.context.support.DirtiesContextTestExecutionListener@3609b8f2, org.springframework.test.context.transaction.TransactionalTestExecutionListener@62dfe32e, org.springframework.test.context.jdbc.SqlScriptsTestExecutionListener@32dab011, org.springframework.test.context.event.EventPublishingTestExecutionListener@fca4392, org.springframework.boot.test.autoconfigure.restdocs.RestDocsTestExecutionListener@747fb4b1, org.springframework.boot.test.autoconfigure.web.client.MockRestServiceServerResetTestExecutionListener@6924ff83, org.springframework.boot.test.autoconfigure.web.servlet.MockMvcPrintOnlyOnFailureTestExecutionListener@e19908e, org.springframework.boot.test.autoconfigure.web.servlet.WebDriverTestExecutionListener@5312940c, org.springframework.boot.test.autoconfigure.webservices.client.MockWebServiceServerTestExecutionListener@5ac168e3, org.springframework.boot.test.mock.mockito.ResetMocksTestExecutionListener@14574cdf]
]]></system-out>
  <system-err><![CDATA[]]></system-err>
</testsuite>
