<?xml version="1.0" encoding="UTF-8"?>
<testsuite name="com.crud.tasks.service.DbServiceTest" tests="1" skipped="0" failures="0" errors="0" timestamp="2023-03-01T14:16:23" hostname="LAPTOP-6257JG67" time="1.555">
  <properties/>
  <testcase name="testFindAllTasks()" classname="com.crud.tasks.service.DbServiceTest" time="1.555"/>
  <system-out><![CDATA[2023-03-01 15:16:23.324  INFO 4204 --- [    Test worker] .b.t.c.SpringBootTestContextBootstrapper : Neither @ContextConfiguration nor @ContextHierarchy found for test class [com.crud.tasks.service.DbServiceTest], using SpringBootContextLoader
2023-03-01 15:16:23.326  INFO 4204 --- [    Test worker] o.s.t.c.support.AbstractContextLoader    : Could not detect default resource locations for test class [com.crud.tasks.service.DbServiceTest]: no resource found for suffixes {-context.xml, Context.groovy}.
2023-03-01 15:16:23.326  INFO 4204 --- [    Test worker] t.c.s.AnnotationConfigContextLoaderUtils : Could not detect default configuration classes for test class [com.crud.tasks.service.DbServiceTest]: DbServiceTest does not declare any static, non-private, non-final, nested classes annotated with @Configuration.
2023-03-01 15:16:23.338  INFO 4204 --- [    Test worker] .b.t.c.SpringBootTestContextBootstrapper : Found @SpringBootConfiguration com.crud.tasks.TasksApplication for test class com.crud.tasks.service.DbServiceTest
2023-03-01 15:16:23.340  INFO 4204 --- [    Test worker] .b.t.c.SpringBootTestContextBootstrapper : Loaded default TestExecutionListener class names from location [META-INF/spring.factories]: [org.springframework.boot.test.autoconfigure.restdocs.RestDocsTestExecutionListener, org.springframework.boot.test.autoconfigure.web.client.MockRestServiceServerResetTestExecutionListener, org.springframework.boot.test.autoconfigure.web.servlet.MockMvcPrintOnlyOnFailureTestExecutionListener, org.springframework.boot.test.autoconfigure.web.servlet.WebDriverTestExecutionListener, org.springframework.boot.test.autoconfigure.webservices.client.MockWebServiceServerTestExecutionListener, org.springframework.boot.test.mock.mockito.MockitoTestExecutionListener, org.springframework.boot.test.mock.mockito.ResetMocksTestExecutionListener, org.springframework.test.context.web.ServletTestExecutionListener, org.springframework.test.context.support.DirtiesContextBeforeModesTestExecutionListener, org.springframework.test.context.event.ApplicationEventsTestExecutionListener, org.springframework.test.context.support.DependencyInjectionTestExecutionListener, org.springframework.test.context.support.DirtiesContextTestExecutionListener, org.springframework.test.context.transaction.TransactionalTestExecutionListener, org.springframework.test.context.jdbc.SqlScriptsTestExecutionListener, org.springframework.test.context.event.EventPublishingTestExecutionListener]
2023-03-01 15:16:23.341  INFO 4204 --- [    Test worker] .b.t.c.SpringBootTestContextBootstrapper : Using TestExecutionListeners: [org.springframework.test.context.web.ServletTestExecutionListener@150963fe, org.springframework.test.context.support.DirtiesContextBeforeModesTestExecutionListener@280d20fb, org.springframework.test.context.event.ApplicationEventsTestExecutionListener@20c7a91d, org.springframework.boot.test.mock.mockito.MockitoTestExecutionListener@2048255a, org.springframework.boot.test.autoconfigure.SpringBootDependencyInjectionTestExecutionListener@7e00a43e, org.springframework.test.context.support.DirtiesContextTestExecutionListener@3f4b59fd, org.springframework.test.context.transaction.TransactionalTestExecutionListener@22599048, org.springframework.test.context.jdbc.SqlScriptsTestExecutionListener@435a13ac, org.springframework.test.context.event.EventPublishingTestExecutionListener@38007ead, org.springframework.boot.test.autoconfigure.restdocs.RestDocsTestExecutionListener@5de15ce1, org.springframework.boot.test.autoconfigure.web.client.MockRestServiceServerResetTestExecutionListener@33544cc5, org.springframework.boot.test.autoconfigure.web.servlet.MockMvcPrintOnlyOnFailureTestExecutionListener@2080ee70, org.springframework.boot.test.autoconfigure.web.servlet.WebDriverTestExecutionListener@1bce19db, org.springframework.boot.test.autoconfigure.webservices.client.MockWebServiceServerTestExecutionListener@4c1f4817, org.springframework.boot.test.mock.mockito.ResetMocksTestExecutionListener@5d3c0735]
2023-03-01 15:16:23.371  INFO 4204 --- [    Test worker] o.s.t.c.transaction.TransactionContext   : Began transaction (1) for test context [DefaultTestContext@38c840fb testClass = DbServiceTest, testInstance = com.crud.tasks.service.DbServiceTest@fbc1de9, testMethod = testFindAllTasks@DbServiceTest, testException = [null], mergedContextConfiguration = [WebMergedContextConfiguration@295e9aef testClass = DbServiceTest, locations = '{}', classes = '{class com.crud.tasks.TasksApplication}', contextInitializerClasses = '[]', activeProfiles = '{}', propertySourceLocations = '{}', propertySourceProperties = '{org.springframework.boot.test.context.SpringBootTestContextBootstrapper=true}', contextCustomizers = set[org.springframework.boot.test.autoconfigure.actuate.metrics.MetricsExportContextCustomizerFactory$DisableMetricExportContextCustomizer@4566d049, org.springframework.boot.test.autoconfigure.properties.PropertyMappingContextCustomizer@0, org.springframework.boot.test.autoconfigure.web.servlet.WebDriverContextCustomizerFactory$Customizer@32c8e539, org.springframework.boot.test.context.filter.ExcludeFilterContextCustomizer@1021f6c9, org.springframework.boot.test.json.DuplicateJsonObjectContextCustomizerFactory$DuplicateJsonObjectContextCustomizer@5e81e5ac, org.springframework.boot.test.mock.mockito.MockitoContextCustomizer@0, org.springframework.boot.test.web.client.TestRestTemplateContextCustomizer@1f60824e, org.springframework.boot.test.context.SpringBootTestArgs@1, org.springframework.boot.test.context.SpringBootTestWebEnvironment@58cbafc2], resourceBasePath = 'src/main/webapp', contextLoader = 'org.springframework.boot.test.context.SpringBootContextLoader', parent = [null]], attributes = map['org.springframework.test.context.web.ServletTestExecutionListener.activateListener' -> true, 'org.springframework.test.context.web.ServletTestExecutionListener.populatedRequestContextHolder' -> true, 'org.springframework.test.context.web.ServletTestExecutionListener.resetRequestContextHolder' -> true, 'org.springframework.test.context.event.ApplicationEventsTestExecutionListener.recordApplicationEvents' -> false]]; transaction manager [org.springframework.orm.jpa.JpaTransactionManager@4fd8aefe]; rollback [true]
Hibernate: select task0_.id as id1_0_0_, task0_.description as descript2_0_0_, task0_.name as name3_0_0_ from tasks task0_ where task0_.id=?
Hibernate: select next_val as id_val from hibernate_sequence for update
Hibernate: update hibernate_sequence set next_val= ? where next_val=?
Hibernate: select task0_.id as id1_0_0_, task0_.description as descript2_0_0_, task0_.name as name3_0_0_ from tasks task0_ where task0_.id=?
Hibernate: select next_val as id_val from hibernate_sequence for update
Hibernate: update hibernate_sequence set next_val= ? where next_val=?
Hibernate: insert into tasks (description, name, id) values (?, ?, ?)
Hibernate: insert into tasks (description, name, id) values (?, ?, ?)
Hibernate: select task0_.id as id1_0_, task0_.description as descript2_0_, task0_.name as name3_0_ from tasks task0_
Hibernate: select count(*) as col_0_0_ from tasks task0_ where task0_.id=?
Hibernate: delete from tasks where id=?
Hibernate: select task0_.id as id1_0_, task0_.description as descript2_0_, task0_.name as name3_0_ from tasks task0_
Hibernate: select task0_.id as id1_0_, task0_.description as descript2_0_, task0_.name as name3_0_ from tasks task0_
2023-03-01 15:16:24.901  INFO 4204 --- [    Test worker] o.s.t.c.transaction.TransactionContext   : Rolled back transaction for test: [DefaultTestContext@38c840fb testClass = DbServiceTest, testInstance = com.crud.tasks.service.DbServiceTest@fbc1de9, testMethod = testFindAllTasks@DbServiceTest, testException = [null], mergedContextConfiguration = [WebMergedContextConfiguration@295e9aef testClass = DbServiceTest, locations = '{}', classes = '{class com.crud.tasks.TasksApplication}', contextInitializerClasses = '[]', activeProfiles = '{}', propertySourceLocations = '{}', propertySourceProperties = '{org.springframework.boot.test.context.SpringBootTestContextBootstrapper=true}', contextCustomizers = set[org.springframework.boot.test.autoconfigure.actuate.metrics.MetricsExportContextCustomizerFactory$DisableMetricExportContextCustomizer@4566d049, org.springframework.boot.test.autoconfigure.properties.PropertyMappingContextCustomizer@0, org.springframework.boot.test.autoconfigure.web.servlet.WebDriverContextCustomizerFactory$Customizer@32c8e539, org.springframework.boot.test.context.filter.ExcludeFilterContextCustomizer@1021f6c9, org.springframework.boot.test.json.DuplicateJsonObjectContextCustomizerFactory$DuplicateJsonObjectContextCustomizer@5e81e5ac, org.springframework.boot.test.mock.mockito.MockitoContextCustomizer@0, org.springframework.boot.test.web.client.TestRestTemplateContextCustomizer@1f60824e, org.springframework.boot.test.context.SpringBootTestArgs@1, org.springframework.boot.test.context.SpringBootTestWebEnvironment@58cbafc2], resourceBasePath = 'src/main/webapp', contextLoader = 'org.springframework.boot.test.context.SpringBootContextLoader', parent = [null]], attributes = map['org.springframework.test.context.web.ServletTestExecutionListener.activateListener' -> true, 'org.springframework.test.context.web.ServletTestExecutionListener.populatedRequestContextHolder' -> true, 'org.springframework.test.context.web.ServletTestExecutionListener.resetRequestContextHolder' -> true, 'org.springframework.test.context.event.ApplicationEventsTestExecutionListener.recordApplicationEvents' -> false]]
]]></system-out>
  <system-err><![CDATA[]]></system-err>
</testsuite>
