<?xml version="1.0" encoding="UTF-8"?>
<testsuite name="com.crud.tasks.trello.controller.TrelloControllerTest" tests="3" skipped="0" failures="0" errors="0" timestamp="2023-02-23T11:21:13" hostname="LAPTOP-6257JG67" time="0.049">
  <properties/>
  <testcase name="shouldFetchTrelloBoards()" classname="com.crud.tasks.trello.controller.TrelloControllerTest" time="0.018"/>
  <testcase name="shouldFetchEmptyTrelloBoards()" classname="com.crud.tasks.trello.controller.TrelloControllerTest" time="0.007"/>
  <testcase name="shouldCreateTrelloCard()" classname="com.crud.tasks.trello.controller.TrelloControllerTest" time="0.019"/>
  <system-out><![CDATA[2023-02-23 12:21:12.473  INFO 3872 --- [    Test worker] o.s.t.c.support.AbstractContextLoader    : Could not detect default resource locations for test class [com.crud.tasks.trello.controller.TrelloControllerTest]: no resource found for suffixes {-context.xml, Context.groovy}.
2023-02-23 12:21:12.474  INFO 3872 --- [    Test worker] t.c.s.AnnotationConfigContextLoaderUtils : Could not detect default configuration classes for test class [com.crud.tasks.trello.controller.TrelloControllerTest]: TrelloControllerTest does not declare any static, non-private, non-final, nested classes annotated with @Configuration.
2023-02-23 12:21:12.496  INFO 3872 --- [    Test worker] .b.t.c.SpringBootTestContextBootstrapper : Found @SpringBootConfiguration com.crud.tasks.TasksApplication for test class com.crud.tasks.trello.controller.TrelloControllerTest
2023-02-23 12:21:12.497  INFO 3872 --- [    Test worker] .b.t.a.w.s.WebMvcTestContextBootstrapper : Loaded default TestExecutionListener class names from location [META-INF/spring.factories]: [org.springframework.boot.test.autoconfigure.restdocs.RestDocsTestExecutionListener, org.springframework.boot.test.autoconfigure.web.client.MockRestServiceServerResetTestExecutionListener, org.springframework.boot.test.autoconfigure.web.servlet.MockMvcPrintOnlyOnFailureTestExecutionListener, org.springframework.boot.test.autoconfigure.web.servlet.WebDriverTestExecutionListener, org.springframework.boot.test.autoconfigure.webservices.client.MockWebServiceServerTestExecutionListener, org.springframework.boot.test.mock.mockito.MockitoTestExecutionListener, org.springframework.boot.test.mock.mockito.ResetMocksTestExecutionListener, org.springframework.test.context.web.ServletTestExecutionListener, org.springframework.test.context.support.DirtiesContextBeforeModesTestExecutionListener, org.springframework.test.context.event.ApplicationEventsTestExecutionListener, org.springframework.test.context.support.DependencyInjectionTestExecutionListener, org.springframework.test.context.support.DirtiesContextTestExecutionListener, org.springframework.test.context.transaction.TransactionalTestExecutionListener, org.springframework.test.context.jdbc.SqlScriptsTestExecutionListener, org.springframework.test.context.event.EventPublishingTestExecutionListener]
2023-02-23 12:21:12.498  INFO 3872 --- [    Test worker] .b.t.a.w.s.WebMvcTestContextBootstrapper : Using TestExecutionListeners: [org.springframework.test.context.web.ServletTestExecutionListener@18ac4af6, org.springframework.test.context.support.DirtiesContextBeforeModesTestExecutionListener@117fb9ba, org.springframework.test.context.event.ApplicationEventsTestExecutionListener@2b1d1a5, org.springframework.boot.test.mock.mockito.MockitoTestExecutionListener@41e7a544, org.springframework.boot.test.autoconfigure.SpringBootDependencyInjectionTestExecutionListener@3b66ac74, org.springframework.test.context.support.DirtiesContextTestExecutionListener@573870cb, org.springframework.test.context.transaction.TransactionalTestExecutionListener@5b88af70, org.springframework.test.context.jdbc.SqlScriptsTestExecutionListener@2739ecc0, org.springframework.test.context.event.EventPublishingTestExecutionListener@2932e15f, org.springframework.boot.test.autoconfigure.restdocs.RestDocsTestExecutionListener@3d98729a, org.springframework.boot.test.autoconfigure.web.client.MockRestServiceServerResetTestExecutionListener@2375a976, org.springframework.boot.test.autoconfigure.web.servlet.MockMvcPrintOnlyOnFailureTestExecutionListener@4bc21e34, org.springframework.boot.test.autoconfigure.web.servlet.WebDriverTestExecutionListener@7544260a, org.springframework.boot.test.autoconfigure.webservices.client.MockWebServiceServerTestExecutionListener@bb6869a, org.springframework.boot.test.mock.mockito.ResetMocksTestExecutionListener@506b083]

  .   ____          _            __ _ _
 /\\ / ___'_ __ _ _(_)_ __  __ _ \ \ \ \
( ( )\___ | '_ | '_| | '_ \/ _` | \ \ \ \
 \\/  ___)| |_)| | | | | || (_| |  ) ) ) )
  '  |____| .__|_| |_|_| |_\__, | / / / /
 =========|_|==============|___/=/_/_/_/
 :: Spring Boot ::                (v2.7.5)

2023-02-23 12:21:12.543  INFO 3872 --- [    Test worker] c.c.t.t.controller.TrelloControllerTest  : Starting TrelloControllerTest using Java 17.0.4 on LAPTOP-6257JG67 with PID 3872 (started by wisni in C:\Users\wisni\dev\tasks)
2023-02-23 12:21:12.543  INFO 3872 --- [    Test worker] c.c.t.t.controller.TrelloControllerTest  : No active profile set, falling back to 1 default profile: "default"
2023-02-23 12:21:13.866  INFO 3872 --- [    Test worker] o.s.b.t.m.w.SpringBootMockServletContext : Initializing Spring TestDispatcherServlet ''
2023-02-23 12:21:13.866  INFO 3872 --- [    Test worker] o.s.t.web.servlet.TestDispatcherServlet  : Initializing Servlet ''
2023-02-23 12:21:13.867  INFO 3872 --- [    Test worker] o.s.t.web.servlet.TestDispatcherServlet  : Completed initialization in 1 ms
2023-02-23 12:21:13.882  INFO 3872 --- [    Test worker] c.c.t.t.controller.TrelloControllerTest  : Started TrelloControllerTest in 1.38 seconds (JVM running for 8.256)
]]></system-out>
  <system-err><![CDATA[]]></system-err>
</testsuite>
