<?xml version="1.0" encoding="UTF-8"?>
<testsuite name="com.crud.tasks.trello.controller.TrelloControllerTest" tests="3" skipped="0" failures="0" errors="0" timestamp="2023-02-23T12:19:25" hostname="LAPTOP-6257JG67" time="0.048">
  <properties/>
  <testcase name="shouldFetchTrelloBoards()" classname="com.crud.tasks.trello.controller.TrelloControllerTest" time="0.017"/>
  <testcase name="shouldFetchEmptyTrelloBoards()" classname="com.crud.tasks.trello.controller.TrelloControllerTest" time="0.008"/>
  <testcase name="shouldCreateTrelloCard()" classname="com.crud.tasks.trello.controller.TrelloControllerTest" time="0.018"/>
  <system-out><![CDATA[2023-02-23 13:19:23.808  INFO 9740 --- [    Test worker] o.s.t.c.support.AbstractContextLoader    : Could not detect default resource locations for test class [com.crud.tasks.trello.controller.TrelloControllerTest]: no resource found for suffixes {-context.xml, Context.groovy}.
2023-02-23 13:19:23.808  INFO 9740 --- [    Test worker] t.c.s.AnnotationConfigContextLoaderUtils : Could not detect default configuration classes for test class [com.crud.tasks.trello.controller.TrelloControllerTest]: TrelloControllerTest does not declare any static, non-private, non-final, nested classes annotated with @Configuration.
2023-02-23 13:19:23.825  INFO 9740 --- [    Test worker] .b.t.c.SpringBootTestContextBootstrapper : Found @SpringBootConfiguration com.crud.tasks.TasksApplication for test class com.crud.tasks.trello.controller.TrelloControllerTest
2023-02-23 13:19:23.825  INFO 9740 --- [    Test worker] .b.t.a.w.s.WebMvcTestContextBootstrapper : Loaded default TestExecutionListener class names from location [META-INF/spring.factories]: [org.springframework.boot.test.autoconfigure.restdocs.RestDocsTestExecutionListener, org.springframework.boot.test.autoconfigure.web.client.MockRestServiceServerResetTestExecutionListener, org.springframework.boot.test.autoconfigure.web.servlet.MockMvcPrintOnlyOnFailureTestExecutionListener, org.springframework.boot.test.autoconfigure.web.servlet.WebDriverTestExecutionListener, org.springframework.boot.test.autoconfigure.webservices.client.MockWebServiceServerTestExecutionListener, org.springframework.boot.test.mock.mockito.MockitoTestExecutionListener, org.springframework.boot.test.mock.mockito.ResetMocksTestExecutionListener, org.springframework.test.context.web.ServletTestExecutionListener, org.springframework.test.context.support.DirtiesContextBeforeModesTestExecutionListener, org.springframework.test.context.event.ApplicationEventsTestExecutionListener, org.springframework.test.context.support.DependencyInjectionTestExecutionListener, org.springframework.test.context.support.DirtiesContextTestExecutionListener, org.springframework.test.context.transaction.TransactionalTestExecutionListener, org.springframework.test.context.jdbc.SqlScriptsTestExecutionListener, org.springframework.test.context.event.EventPublishingTestExecutionListener]
2023-02-23 13:19:23.826  INFO 9740 --- [    Test worker] .b.t.a.w.s.WebMvcTestContextBootstrapper : Using TestExecutionListeners: [org.springframework.test.context.web.ServletTestExecutionListener@5b6cc344, org.springframework.test.context.support.DirtiesContextBeforeModesTestExecutionListener@2110684a, org.springframework.test.context.event.ApplicationEventsTestExecutionListener@83e635f, org.springframework.boot.test.mock.mockito.MockitoTestExecutionListener@61d011e, org.springframework.boot.test.autoconfigure.SpringBootDependencyInjectionTestExecutionListener@3b56947a, org.springframework.test.context.support.DirtiesContextTestExecutionListener@1926f962, org.springframework.test.context.transaction.TransactionalTestExecutionListener@62794582, org.springframework.test.context.jdbc.SqlScriptsTestExecutionListener@c82ad22, org.springframework.test.context.event.EventPublishingTestExecutionListener@3f80d8c, org.springframework.boot.test.autoconfigure.restdocs.RestDocsTestExecutionListener@2d3b0978, org.springframework.boot.test.autoconfigure.web.client.MockRestServiceServerResetTestExecutionListener@5c60c08, org.springframework.boot.test.autoconfigure.web.servlet.MockMvcPrintOnlyOnFailureTestExecutionListener@1cb44a2f, org.springframework.boot.test.autoconfigure.web.servlet.WebDriverTestExecutionListener@5fe3b058, org.springframework.boot.test.autoconfigure.webservices.client.MockWebServiceServerTestExecutionListener@2a661215, org.springframework.boot.test.mock.mockito.ResetMocksTestExecutionListener@1f75fd1d]

  .   ____          _            __ _ _
 /\\ / ___'_ __ _ _(_)_ __  __ _ \ \ \ \
( ( )\___ | '_ | '_| | '_ \/ _` | \ \ \ \
 \\/  ___)| |_)| | | | | || (_| |  ) ) ) )
  '  |____| .__|_| |_|_| |_\__, | / / / /
 =========|_|==============|___/=/_/_/_/
 :: Spring Boot ::                (v2.7.5)

2023-02-23 13:19:23.870  INFO 9740 --- [    Test worker] c.c.t.t.controller.TrelloControllerTest  : Starting TrelloControllerTest using Java 17.0.4 on LAPTOP-6257JG67 with PID 9740 (started by wisni in C:\Users\wisni\dev\tasks)
2023-02-23 13:19:23.871  INFO 9740 --- [    Test worker] c.c.t.t.controller.TrelloControllerTest  : No active profile set, falling back to 1 default profile: "default"
2023-02-23 13:19:25.075  INFO 9740 --- [    Test worker] o.s.b.t.m.w.SpringBootMockServletContext : Initializing Spring TestDispatcherServlet ''
2023-02-23 13:19:25.075  INFO 9740 --- [    Test worker] o.s.t.web.servlet.TestDispatcherServlet  : Initializing Servlet ''
2023-02-23 13:19:25.076  INFO 9740 --- [    Test worker] o.s.t.web.servlet.TestDispatcherServlet  : Completed initialization in 1 ms
2023-02-23 13:19:25.091  INFO 9740 --- [    Test worker] c.c.t.t.controller.TrelloControllerTest  : Started TrelloControllerTest in 1.261 seconds (JVM running for 10.03)
]]></system-out>
  <system-err><![CDATA[]]></system-err>
</testsuite>
