<?xml version="1.0" encoding="UTF-8"?>
<testsuite name="com.crud.tasks.trello.client.TrelloClientTest" tests="3" skipped="0" failures="0" errors="0" timestamp="2023-03-02T10:36:17" hostname="LAPTOP-6257JG67" time="0.292">
  <properties/>
  <testcase name="shouldReturnEmptyList()" classname="com.crud.tasks.trello.client.TrelloClientTest" time="0.282"/>
  <testcase name="shouldFetchTrelloBoards()" classname="com.crud.tasks.trello.client.TrelloClientTest" time="0.004"/>
  <testcase name="shouldCreateCard()" classname="com.crud.tasks.trello.client.TrelloClientTest" time="0.004"/>
  <system-out><![CDATA[]]></system-out>
  <system-err><![CDATA[]]></system-err>
</testsuite>
