<?xml version="1.0" encoding="UTF-8"?>
<testsuite name="HexadecimalConverterTest" tests="1" skipped="0" failures="0" errors="0" timestamp="2023-03-02T10:36:03" hostname="LAPTOP-6257JG67" time="0.039">
  <properties/>
  <testcase name="testHexadecimalConverter()" classname="HexadecimalConverterTest" time="0.039"/>
  <system-out><![CDATA[]]></system-out>
  <system-err><![CDATA[]]></system-err>
</testsuite>
