<?xml version="1.0" encoding="UTF-8"?>
<testsuite name="com.crud.tasks.trello.TrelloFacadeTest" tests="2" skipped="0" failures="0" errors="0" timestamp="2023-02-23T11:21:12" hostname="LAPTOP-6257JG67" time="0.09">
  <properties/>
  <testcase name="testCreateCard()" classname="com.crud.tasks.trello.TrelloFacadeTest" time="0.083"/>
  <testcase name="shouldFetchEmptyList()" classname="com.crud.tasks.trello.TrelloFacadeTest" time="0.006"/>
  <system-out><![CDATA[]]></system-out>
  <system-err><![CDATA[]]></system-err>
</testsuite>
