<?xml version="1.0" encoding="UTF-8"?>
<testsuite name="com.crud.tasks.trello.TrelloFacadeTest" tests="2" skipped="0" failures="0" errors="0" timestamp="2023-03-01T14:16:25" hostname="LAPTOP-6257JG67" time="0.094">
  <properties/>
  <testcase name="testCreateCard()" classname="com.crud.tasks.trello.TrelloFacadeTest" time="0.086"/>
  <testcase name="shouldFetchEmptyList()" classname="com.crud.tasks.trello.TrelloFacadeTest" time="0.007"/>
  <system-out><![CDATA[]]></system-out>
  <system-err><![CDATA[]]></system-err>
</testsuite>
