<?xml version="1.0" encoding="UTF-8"?>
<testsuite name="com.crud.tasks.service.SimpleEmailServiceTest" tests="1" skipped="0" failures="0" errors="0" timestamp="2023-03-01T14:16:24" hostname="LAPTOP-6257JG67" time="0.216">
  <properties/>
  <testcase name="shouldSendEmail()" classname="com.crud.tasks.service.SimpleEmailServiceTest" time="0.216"/>
  <system-out><![CDATA[2023-03-01 15:16:25.093  INFO 4204 --- [    Test worker] c.crud.tasks.service.SimpleEmailService  : Starting email preparation...
2023-03-01 15:16:25.096  INFO 4204 --- [    Test worker] c.crud.tasks.service.SimpleEmailService  : Email has been sent.
]]></system-out>
  <system-err><![CDATA[]]></system-err>
</testsuite>
