<?xml version="1.0" encoding="UTF-8"?>
<testsuite name="com.crud.tasks.trello.service.TrelloServiceTest" tests="2" skipped="0" failures="0" errors="0" timestamp="2023-03-01T14:16:28" hostname="LAPTOP-6257JG67" time="0.077">
  <properties/>
  <testcase name="testFetchTrelloBoard()" classname="com.crud.tasks.trello.service.TrelloServiceTest" time="0.068"/>
  <testcase name="testCreatTrelloCard()" classname="com.crud.tasks.trello.service.TrelloServiceTest" time="0.007"/>
  <system-out><![CDATA[]]></system-out>
  <system-err><![CDATA[]]></system-err>
</testsuite>
