<?xml version="1.0" encoding="UTF-8"?>
<testsuite name="com.crud.tasks.service.DbServiceTest" tests="1" skipped="0" failures="0" errors="0" timestamp="2023-03-02T10:36:17" hostname="LAPTOP-6257JG67" time="0.528">
  <properties/>
  <testcase name="testFindAllTasks()" classname="com.crud.tasks.service.DbServiceTest" time="0.528"/>
  <system-out><![CDATA[2023-03-02 11:36:17.160  INFO 42544 --- [    Test worker] .b.t.c.SpringBootTestContextBootstrapper : Neither @ContextConfiguration nor @ContextHierarchy found for test class [com.crud.tasks.service.DbServiceTest], using SpringBootContextLoader
2023-03-02 11:36:17.162  INFO 42544 --- [    Test worker] o.s.t.c.support.AbstractContextLoader    : Could not detect default resource locations for test class [com.crud.tasks.service.DbServiceTest]: no resource found for suffixes {-context.xml, Context.groovy}.
2023-03-02 11:36:17.162  INFO 42544 --- [    Test worker] t.c.s.AnnotationConfigContextLoaderUtils : Could not detect default configuration classes for test class [com.crud.tasks.service.DbServiceTest]: DbServiceTest does not declare any static, non-private, non-final, nested classes annotated with @Configuration.
2023-03-02 11:36:17.177  INFO 42544 --- [    Test worker] .b.t.c.SpringBootTestContextBootstrapper : Found @SpringBootConfiguration com.crud.tasks.TasksApplication for test class com.crud.tasks.service.DbServiceTest
2023-03-02 11:36:17.180  INFO 42544 --- [    Test worker] .b.t.c.SpringBootTestContextBootstrapper : Loaded default TestExecutionListener class names from location [META-INF/spring.factories]: [org.springframework.boot.test.autoconfigure.restdocs.RestDocsTestExecutionListener, org.springframework.boot.test.autoconfigure.web.client.MockRestServiceServerResetTestExecutionListener, org.springframework.boot.test.autoconfigure.web.servlet.MockMvcPrintOnlyOnFailureTestExecutionListener, org.springframework.boot.test.autoconfigure.web.servlet.WebDriverTestExecutionListener, org.springframework.boot.test.autoconfigure.webservices.client.MockWebServiceServerTestExecutionListener, org.springframework.boot.test.mock.mockito.MockitoTestExecutionListener, org.springframework.boot.test.mock.mockito.ResetMocksTestExecutionListener, org.springframework.test.context.web.ServletTestExecutionListener, org.springframework.test.context.support.DirtiesContextBeforeModesTestExecutionListener, org.springframework.test.context.event.ApplicationEventsTestExecutionListener, org.springframework.test.context.support.DependencyInjectionTestExecutionListener, org.springframework.test.context.support.DirtiesContextTestExecutionListener, org.springframework.test.context.transaction.TransactionalTestExecutionListener, org.springframework.test.context.jdbc.SqlScriptsTestExecutionListener, org.springframework.test.context.event.EventPublishingTestExecutionListener]
2023-03-02 11:36:17.181  INFO 42544 --- [    Test worker] .b.t.c.SpringBootTestContextBootstrapper : Using TestExecutionListeners: [org.springframework.test.context.web.ServletTestExecutionListener@48306567, org.springframework.test.context.support.DirtiesContextBeforeModesTestExecutionListener@5d5b07e9, org.springframework.test.context.event.ApplicationEventsTestExecutionListener@cc81cb3, org.springframework.boot.test.mock.mockito.MockitoTestExecutionListener@78ba0a57, org.springframework.boot.test.autoconfigure.SpringBootDependencyInjectionTestExecutionListener@33ea437a, org.springframework.test.context.support.DirtiesContextTestExecutionListener@360b6ea1, org.springframework.test.context.transaction.TransactionalTestExecutionListener@7aead157, org.springframework.test.context.jdbc.SqlScriptsTestExecutionListener@52aa84ef, org.springframework.test.context.event.EventPublishingTestExecutionListener@333afc53, org.springframework.boot.test.autoconfigure.restdocs.RestDocsTestExecutionListener@5ea9f2f3, org.springframework.boot.test.autoconfigure.web.client.MockRestServiceServerResetTestExecutionListener@72e5f018, org.springframework.boot.test.autoconfigure.web.servlet.MockMvcPrintOnlyOnFailureTestExecutionListener@74ee8f57, org.springframework.boot.test.autoconfigure.web.servlet.WebDriverTestExecutionListener@10522dfd, org.springframework.boot.test.autoconfigure.webservices.client.MockWebServiceServerTestExecutionListener@17d6b6e, org.springframework.boot.test.mock.mockito.ResetMocksTestExecutionListener@5c452e69]
2023-03-02 11:36:17.227  INFO 42544 --- [    Test worker] o.s.t.c.transaction.TransactionContext   : Began transaction (1) for test context [DefaultTestContext@32d11a5c testClass = DbServiceTest, testInstance = com.crud.tasks.service.DbServiceTest@43ac3b45, testMethod = testFindAllTasks@DbServiceTest, testException = [null], mergedContextConfiguration = [WebMergedContextConfiguration@5ded2dfc testClass = DbServiceTest, locations = '{}', classes = '{class com.crud.tasks.TasksApplication}', contextInitializerClasses = '[]', activeProfiles = '{}', propertySourceLocations = '{}', propertySourceProperties = '{org.springframework.boot.test.context.SpringBootTestContextBootstrapper=true}', contextCustomizers = set[org.springframework.boot.test.autoconfigure.actuate.metrics.MetricsExportContextCustomizerFactory$DisableMetricExportContextCustomizer@3668d4, org.springframework.boot.test.autoconfigure.properties.PropertyMappingContextCustomizer@0, org.springframework.boot.test.autoconfigure.web.servlet.WebDriverContextCustomizerFactory$Customizer@5a85c92, org.springframework.boot.test.context.filter.ExcludeFilterContextCustomizer@488eb7f2, org.springframework.boot.test.json.DuplicateJsonObjectContextCustomizerFactory$DuplicateJsonObjectContextCustomizer@3fa2213, org.springframework.boot.test.mock.mockito.MockitoContextCustomizer@0, org.springframework.boot.test.web.client.TestRestTemplateContextCustomizer@4fc3529, org.springframework.boot.test.context.SpringBootTestArgs@1, org.springframework.boot.test.context.SpringBootTestWebEnvironment@75d3a5e0], resourceBasePath = 'src/main/webapp', contextLoader = 'org.springframework.boot.test.context.SpringBootContextLoader', parent = [null]], attributes = map['org.springframework.test.context.web.ServletTestExecutionListener.activateListener' -> true, 'org.springframework.test.context.web.ServletTestExecutionListener.populatedRequestContextHolder' -> true, 'org.springframework.test.context.web.ServletTestExecutionListener.resetRequestContextHolder' -> true, 'org.springframework.test.context.event.ApplicationEventsTestExecutionListener.recordApplicationEvents' -> false]]; transaction manager [org.springframework.orm.jpa.JpaTransactionManager@1d8230cd]; rollback [true]
Hibernate: select task0_.id as id1_0_0_, task0_.description as descript2_0_0_, task0_.name as name3_0_0_ from tasks task0_ where task0_.id=?
Hibernate: select next_val as id_val from hibernate_sequence for update
Hibernate: update hibernate_sequence set next_val= ? where next_val=?
Hibernate: select task0_.id as id1_0_0_, task0_.description as descript2_0_0_, task0_.name as name3_0_0_ from tasks task0_ where task0_.id=?
Hibernate: select next_val as id_val from hibernate_sequence for update
Hibernate: update hibernate_sequence set next_val= ? where next_val=?
Hibernate: insert into tasks (description, name, id) values (?, ?, ?)
Hibernate: insert into tasks (description, name, id) values (?, ?, ?)
Hibernate: select task0_.id as id1_0_, task0_.description as descript2_0_, task0_.name as name3_0_ from tasks task0_
Hibernate: select count(*) as col_0_0_ from tasks task0_ where task0_.id=?
Hibernate: delete from tasks where id=?
Hibernate: select task0_.id as id1_0_, task0_.description as descript2_0_, task0_.name as name3_0_ from tasks task0_
Hibernate: select task0_.id as id1_0_, task0_.description as descript2_0_, task0_.name as name3_0_ from tasks task0_
2023-03-02 11:36:17.717  INFO 42544 --- [    Test worker] o.s.t.c.transaction.TransactionContext   : Rolled back transaction for test: [DefaultTestContext@32d11a5c testClass = DbServiceTest, testInstance = com.crud.tasks.service.DbServiceTest@43ac3b45, testMethod = testFindAllTasks@DbServiceTest, testException = [null], mergedContextConfiguration = [WebMergedContextConfiguration@5ded2dfc testClass = DbServiceTest, locations = '{}', classes = '{class com.crud.tasks.TasksApplication}', contextInitializerClasses = '[]', activeProfiles = '{}', propertySourceLocations = '{}', propertySourceProperties = '{org.springframework.boot.test.context.SpringBootTestContextBootstrapper=true}', contextCustomizers = set[org.springframework.boot.test.autoconfigure.actuate.metrics.MetricsExportContextCustomizerFactory$DisableMetricExportContextCustomizer@3668d4, org.springframework.boot.test.autoconfigure.properties.PropertyMappingContextCustomizer@0, org.springframework.boot.test.autoconfigure.web.servlet.WebDriverContextCustomizerFactory$Customizer@5a85c92, org.springframework.boot.test.context.filter.ExcludeFilterContextCustomizer@488eb7f2, org.springframework.boot.test.json.DuplicateJsonObjectContextCustomizerFactory$DuplicateJsonObjectContextCustomizer@3fa2213, org.springframework.boot.test.mock.mockito.MockitoContextCustomizer@0, org.springframework.boot.test.web.client.TestRestTemplateContextCustomizer@4fc3529, org.springframework.boot.test.context.SpringBootTestArgs@1, org.springframework.boot.test.context.SpringBootTestWebEnvironment@75d3a5e0], resourceBasePath = 'src/main/webapp', contextLoader = 'org.springframework.boot.test.context.SpringBootContextLoader', parent = [null]], attributes = map['org.springframework.test.context.web.ServletTestExecutionListener.activateListener' -> true, 'org.springframework.test.context.web.ServletTestExecutionListener.populatedRequestContextHolder' -> true, 'org.springframework.test.context.web.ServletTestExecutionListener.resetRequestContextHolder' -> true, 'org.springframework.test.context.event.ApplicationEventsTestExecutionListener.recordApplicationEvents' -> false]]
]]></system-out>
  <system-err><![CDATA[]]></system-err>
</testsuite>
