<?xml version="1.0" encoding="UTF-8"?>
<testsuite name="com.crud.tasks.trello.controller.TrelloControllerTest" tests="3" skipped="0" failures="0" errors="0" timestamp="2023-03-01T14:16:28" hostname="LAPTOP-6257JG67" time="0.078">
  <properties/>
  <testcase name="shouldFetchTrelloBoards()" classname="com.crud.tasks.trello.controller.TrelloControllerTest" time="0.029"/>
  <testcase name="shouldFetchEmptyTrelloBoards()" classname="com.crud.tasks.trello.controller.TrelloControllerTest" time="0.014"/>
  <testcase name="shouldCreateTrelloCard()" classname="com.crud.tasks.trello.controller.TrelloControllerTest" time="0.031"/>
  <system-out><![CDATA[2023-03-01 15:16:25.502  INFO 4204 --- [    Test worker] o.s.t.c.support.AbstractContextLoader    : Could not detect default resource locations for test class [com.crud.tasks.trello.controller.TrelloControllerTest]: no resource found for suffixes {-context.xml, Context.groovy}.
2023-03-01 15:16:25.503  INFO 4204 --- [    Test worker] t.c.s.AnnotationConfigContextLoaderUtils : Could not detect default configuration classes for test class [com.crud.tasks.trello.controller.TrelloControllerTest]: TrelloControllerTest does not declare any static, non-private, non-final, nested classes annotated with @Configuration.
2023-03-01 15:16:25.533  INFO 4204 --- [    Test worker] .b.t.c.SpringBootTestContextBootstrapper : Found @SpringBootConfiguration com.crud.tasks.TasksApplication for test class com.crud.tasks.trello.controller.TrelloControllerTest
2023-03-01 15:16:25.534  INFO 4204 --- [    Test worker] .b.t.a.w.s.WebMvcTestContextBootstrapper : Loaded default TestExecutionListener class names from location [META-INF/spring.factories]: [org.springframework.boot.test.autoconfigure.restdocs.RestDocsTestExecutionListener, org.springframework.boot.test.autoconfigure.web.client.MockRestServiceServerResetTestExecutionListener, org.springframework.boot.test.autoconfigure.web.servlet.MockMvcPrintOnlyOnFailureTestExecutionListener, org.springframework.boot.test.autoconfigure.web.servlet.WebDriverTestExecutionListener, org.springframework.boot.test.autoconfigure.webservices.client.MockWebServiceServerTestExecutionListener, org.springframework.boot.test.mock.mockito.MockitoTestExecutionListener, org.springframework.boot.test.mock.mockito.ResetMocksTestExecutionListener, org.springframework.test.context.web.ServletTestExecutionListener, org.springframework.test.context.support.DirtiesContextBeforeModesTestExecutionListener, org.springframework.test.context.event.ApplicationEventsTestExecutionListener, org.springframework.test.context.support.DependencyInjectionTestExecutionListener, org.springframework.test.context.support.DirtiesContextTestExecutionListener, org.springframework.test.context.transaction.TransactionalTestExecutionListener, org.springframework.test.context.jdbc.SqlScriptsTestExecutionListener, org.springframework.test.context.event.EventPublishingTestExecutionListener]
2023-03-01 15:16:25.534  INFO 4204 --- [    Test worker] .b.t.a.w.s.WebMvcTestContextBootstrapper : Using TestExecutionListeners: [org.springframework.test.context.web.ServletTestExecutionListener@5225f612, org.springframework.test.context.support.DirtiesContextBeforeModesTestExecutionListener@1d3aefd, org.springframework.test.context.event.ApplicationEventsTestExecutionListener@751f445a, org.springframework.boot.test.mock.mockito.MockitoTestExecutionListener@3f46fb53, org.springframework.boot.test.autoconfigure.SpringBootDependencyInjectionTestExecutionListener@42ae0fcf, org.springframework.test.context.support.DirtiesContextTestExecutionListener@5e16e521, org.springframework.test.context.transaction.TransactionalTestExecutionListener@51a4472d, org.springframework.test.context.jdbc.SqlScriptsTestExecutionListener@5930a229, org.springframework.test.context.event.EventPublishingTestExecutionListener@6bd21eb7, org.springframework.boot.test.autoconfigure.restdocs.RestDocsTestExecutionListener@204d101, org.springframework.boot.test.autoconfigure.web.client.MockRestServiceServerResetTestExecutionListener@716a6343, org.springframework.boot.test.autoconfigure.web.servlet.MockMvcPrintOnlyOnFailureTestExecutionListener@2d17b6ad, org.springframework.boot.test.autoconfigure.web.servlet.WebDriverTestExecutionListener@564b221e, org.springframework.boot.test.autoconfigure.webservices.client.MockWebServiceServerTestExecutionListener@72e36d0f, org.springframework.boot.test.mock.mockito.ResetMocksTestExecutionListener@5031786b]

  .   ____          _            __ _ _
 /\\ / ___'_ __ _ _(_)_ __  __ _ \ \ \ \
( ( )\___ | '_ | '_| | '_ \/ _` | \ \ \ \
 \\/  ___)| |_)| | | | | || (_| |  ) ) ) )
  '  |____| .__|_| |_|_| |_\__, | / / / /
 =========|_|==============|___/=/_/_/_/
 :: Spring Boot ::                (v2.7.9)

2023-03-01 15:16:25.586  INFO 4204 --- [    Test worker] c.c.t.t.controller.TrelloControllerTest  : Starting TrelloControllerTest using Java 17.0.4 on LAPTOP-6257JG67 with PID 4204 (started by wisni in C:\Users\wisni\dev\tasks)
2023-03-01 15:16:25.587  INFO 4204 --- [    Test worker] c.c.t.t.controller.TrelloControllerTest  : No active profile set, falling back to 1 default profile: "default"
2023-03-01 15:16:28.468  INFO 4204 --- [    Test worker] o.s.b.t.m.w.SpringBootMockServletContext : Initializing Spring TestDispatcherServlet ''
2023-03-01 15:16:28.469  INFO 4204 --- [    Test worker] o.s.t.web.servlet.TestDispatcherServlet  : Initializing Servlet ''
2023-03-01 15:16:28.470  INFO 4204 --- [    Test worker] o.s.t.web.servlet.TestDispatcherServlet  : Completed initialization in 1 ms
2023-03-01 15:16:28.490  INFO 4204 --- [    Test worker] c.c.t.t.controller.TrelloControllerTest  : Started TrelloControllerTest in 2.953 seconds (JVM running for 28.22)
]]></system-out>
  <system-err><![CDATA[]]></system-err>
</testsuite>
