<?xml version="1.0" encoding="UTF-8"?>
<testsuite name="com.crud.tasks.trello.controller.TrelloControllerTest" tests="3" skipped="0" failures="0" errors="0" timestamp="2023-02-23T12:44:26" hostname="LAPTOP-6257JG67" time="0.102">
  <properties/>
  <testcase name="shouldFetchTrelloBoards()" classname="com.crud.tasks.trello.controller.TrelloControllerTest" time="0.04"/>
  <testcase name="shouldFetchEmptyTrelloBoards()" classname="com.crud.tasks.trello.controller.TrelloControllerTest" time="0.013"/>
  <testcase name="shouldCreateTrelloCard()" classname="com.crud.tasks.trello.controller.TrelloControllerTest" time="0.042"/>
  <system-out><![CDATA[2023-02-23 13:44:24.290  INFO 20544 --- [    Test worker] o.s.t.c.support.AbstractContextLoader    : Could not detect default resource locations for test class [com.crud.tasks.trello.controller.TrelloControllerTest]: no resource found for suffixes {-context.xml, Context.groovy}.
2023-02-23 13:44:24.290  INFO 20544 --- [    Test worker] t.c.s.AnnotationConfigContextLoaderUtils : Could not detect default configuration classes for test class [com.crud.tasks.trello.controller.TrelloControllerTest]: TrelloControllerTest does not declare any static, non-private, non-final, nested classes annotated with @Configuration.
2023-02-23 13:44:24.314  INFO 20544 --- [    Test worker] .b.t.c.SpringBootTestContextBootstrapper : Found @SpringBootConfiguration com.crud.tasks.TasksApplication for test class com.crud.tasks.trello.controller.TrelloControllerTest
2023-02-23 13:44:24.316  INFO 20544 --- [    Test worker] .b.t.a.w.s.WebMvcTestContextBootstrapper : Loaded default TestExecutionListener class names from location [META-INF/spring.factories]: [org.springframework.boot.test.autoconfigure.restdocs.RestDocsTestExecutionListener, org.springframework.boot.test.autoconfigure.web.client.MockRestServiceServerResetTestExecutionListener, org.springframework.boot.test.autoconfigure.web.servlet.MockMvcPrintOnlyOnFailureTestExecutionListener, org.springframework.boot.test.autoconfigure.web.servlet.WebDriverTestExecutionListener, org.springframework.boot.test.autoconfigure.webservices.client.MockWebServiceServerTestExecutionListener, org.springframework.boot.test.mock.mockito.MockitoTestExecutionListener, org.springframework.boot.test.mock.mockito.ResetMocksTestExecutionListener, org.springframework.test.context.web.ServletTestExecutionListener, org.springframework.test.context.support.DirtiesContextBeforeModesTestExecutionListener, org.springframework.test.context.event.ApplicationEventsTestExecutionListener, org.springframework.test.context.support.DependencyInjectionTestExecutionListener, org.springframework.test.context.support.DirtiesContextTestExecutionListener, org.springframework.test.context.transaction.TransactionalTestExecutionListener, org.springframework.test.context.jdbc.SqlScriptsTestExecutionListener, org.springframework.test.context.event.EventPublishingTestExecutionListener]
2023-02-23 13:44:24.317  INFO 20544 --- [    Test worker] .b.t.a.w.s.WebMvcTestContextBootstrapper : Using TestExecutionListeners: [org.springframework.test.context.web.ServletTestExecutionListener@131d977f, org.springframework.test.context.support.DirtiesContextBeforeModesTestExecutionListener@616f81b5, org.springframework.test.context.event.ApplicationEventsTestExecutionListener@4f552aa2, org.springframework.boot.test.mock.mockito.MockitoTestExecutionListener@3c8fe8ad, org.springframework.boot.test.autoconfigure.SpringBootDependencyInjectionTestExecutionListener@43d6262c, org.springframework.test.context.support.DirtiesContextTestExecutionListener@5e2975ca, org.springframework.test.context.transaction.TransactionalTestExecutionListener@38cf4497, org.springframework.test.context.jdbc.SqlScriptsTestExecutionListener@7b4619a3, org.springframework.test.context.event.EventPublishingTestExecutionListener@9d3a7a1, org.springframework.boot.test.autoconfigure.restdocs.RestDocsTestExecutionListener@1c411474, org.springframework.boot.test.autoconfigure.web.client.MockRestServiceServerResetTestExecutionListener@5e681097, org.springframework.boot.test.autoconfigure.web.servlet.MockMvcPrintOnlyOnFailureTestExecutionListener@152891f8, org.springframework.boot.test.autoconfigure.web.servlet.WebDriverTestExecutionListener@1d2c253, org.springframework.boot.test.autoconfigure.webservices.client.MockWebServiceServerTestExecutionListener@15a484a9, org.springframework.boot.test.mock.mockito.ResetMocksTestExecutionListener@b56c222]

  .   ____          _            __ _ _
 /\\ / ___'_ __ _ _(_)_ __  __ _ \ \ \ \
( ( )\___ | '_ | '_| | '_ \/ _` | \ \ \ \
 \\/  ___)| |_)| | | | | || (_| |  ) ) ) )
  '  |____| .__|_| |_|_| |_\__, | / / / /
 =========|_|==============|___/=/_/_/_/
 :: Spring Boot ::                (v2.7.9)

2023-02-23 13:44:24.396  INFO 20544 --- [    Test worker] c.c.t.t.controller.TrelloControllerTest  : Starting TrelloControllerTest using Java 17.0.4 on LAPTOP-6257JG67 with PID 20544 (started by wisni in C:\Users\wisni\dev\tasks)
2023-02-23 13:44:24.397  INFO 20544 --- [    Test worker] c.c.t.t.controller.TrelloControllerTest  : No active profile set, falling back to 1 default profile: "default"
2023-02-23 13:44:26.041  INFO 20544 --- [    Test worker] o.s.b.t.m.w.SpringBootMockServletContext : Initializing Spring TestDispatcherServlet ''
2023-02-23 13:44:26.041  INFO 20544 --- [    Test worker] o.s.t.web.servlet.TestDispatcherServlet  : Initializing Servlet ''
2023-02-23 13:44:26.042  INFO 20544 --- [    Test worker] o.s.t.web.servlet.TestDispatcherServlet  : Completed initialization in 1 ms
2023-02-23 13:44:26.085  INFO 20544 --- [    Test worker] c.c.t.t.controller.TrelloControllerTest  : Started TrelloControllerTest in 1.763 seconds (JVM running for 9.755)
]]></system-out>
  <system-err><![CDATA[]]></system-err>
</testsuite>
