<?xml version="1.0" encoding="UTF-8"?>
<testsuite name="com.crud.tasks.trello.mapper.TrelloMapperTest" tests="6" skipped="0" failures="0" errors="0" timestamp="2023-03-01T14:16:28" hostname="LAPTOP-6257JG67" time="0.059">
  <properties/>
  <testcase name="testMapToBoard()" classname="com.crud.tasks.trello.mapper.TrelloMapperTest" time="0.008"/>
  <testcase name="testMapToBoardDto()" classname="com.crud.tasks.trello.mapper.TrelloMapperTest" time="0.009"/>
  <testcase name="testMapToListDto()" classname="com.crud.tasks.trello.mapper.TrelloMapperTest" time="0.008"/>
  <testcase name="testMapToCardDto()" classname="com.crud.tasks.trello.mapper.TrelloMapperTest" time="0.009"/>
  <testcase name="testMapToCard()" classname="com.crud.tasks.trello.mapper.TrelloMapperTest" time="0.007"/>
  <testcase name="testMapToList()" classname="com.crud.tasks.trello.mapper.TrelloMapperTest" time="0.009"/>
  <system-out><![CDATA[2023-03-01 15:16:28.578  INFO 4204 --- [    Test worker] .b.t.c.SpringBootTestContextBootstrapper : Neither @ContextConfiguration nor @ContextHierarchy found for test class [com.crud.tasks.trello.mapper.TrelloMapperTest], using SpringBootContextLoader
2023-03-01 15:16:28.580  INFO 4204 --- [    Test worker] o.s.t.c.support.AbstractContextLoader    : Could not detect default resource locations for test class [com.crud.tasks.trello.mapper.TrelloMapperTest]: no resource found for suffixes {-context.xml, Context.groovy}.
2023-03-01 15:16:28.580  INFO 4204 --- [    Test worker] t.c.s.AnnotationConfigContextLoaderUtils : Could not detect default configuration classes for test class [com.crud.tasks.trello.mapper.TrelloMapperTest]: TrelloMapperTest does not declare any static, non-private, non-final, nested classes annotated with @Configuration.
2023-03-01 15:16:28.593  INFO 4204 --- [    Test worker] .b.t.c.SpringBootTestContextBootstrapper : Found @SpringBootConfiguration com.crud.tasks.TasksApplication for test class com.crud.tasks.trello.mapper.TrelloMapperTest
2023-03-01 15:16:28.595  INFO 4204 --- [    Test worker] .b.t.c.SpringBootTestContextBootstrapper : Loaded default TestExecutionListener class names from location [META-INF/spring.factories]: [org.springframework.boot.test.autoconfigure.restdocs.RestDocsTestExecutionListener, org.springframework.boot.test.autoconfigure.web.client.MockRestServiceServerResetTestExecutionListener, org.springframework.boot.test.autoconfigure.web.servlet.MockMvcPrintOnlyOnFailureTestExecutionListener, org.springframework.boot.test.autoconfigure.web.servlet.WebDriverTestExecutionListener, org.springframework.boot.test.autoconfigure.webservices.client.MockWebServiceServerTestExecutionListener, org.springframework.boot.test.mock.mockito.MockitoTestExecutionListener, org.springframework.boot.test.mock.mockito.ResetMocksTestExecutionListener, org.springframework.test.context.web.ServletTestExecutionListener, org.springframework.test.context.support.DirtiesContextBeforeModesTestExecutionListener, org.springframework.test.context.event.ApplicationEventsTestExecutionListener, org.springframework.test.context.support.DependencyInjectionTestExecutionListener, org.springframework.test.context.support.DirtiesContextTestExecutionListener, org.springframework.test.context.transaction.TransactionalTestExecutionListener, org.springframework.test.context.jdbc.SqlScriptsTestExecutionListener, org.springframework.test.context.event.EventPublishingTestExecutionListener]
2023-03-01 15:16:28.597  INFO 4204 --- [    Test worker] .b.t.c.SpringBootTestContextBootstrapper : Using TestExecutionListeners: [org.springframework.test.context.web.ServletTestExecutionListener@69a61267, org.springframework.test.context.support.DirtiesContextBeforeModesTestExecutionListener@795ef208, org.springframework.test.context.event.ApplicationEventsTestExecutionListener@673d73da, org.springframework.boot.test.mock.mockito.MockitoTestExecutionListener@5125558b, org.springframework.boot.test.autoconfigure.SpringBootDependencyInjectionTestExecutionListener@8c940e2, org.springframework.test.context.support.DirtiesContextTestExecutionListener@6092d41, org.springframework.test.context.transaction.TransactionalTestExecutionListener@a263df9, org.springframework.test.context.jdbc.SqlScriptsTestExecutionListener@71d4b83b, org.springframework.test.context.event.EventPublishingTestExecutionListener@33d828b3, org.springframework.boot.test.autoconfigure.restdocs.RestDocsTestExecutionListener@7c7478ac, org.springframework.boot.test.autoconfigure.web.client.MockRestServiceServerResetTestExecutionListener@47864b2e, org.springframework.boot.test.autoconfigure.web.servlet.MockMvcPrintOnlyOnFailureTestExecutionListener@13473685, org.springframework.boot.test.autoconfigure.web.servlet.WebDriverTestExecutionListener@61a809ee, org.springframework.boot.test.autoconfigure.webservices.client.MockWebServiceServerTestExecutionListener@3ec6bc6f, org.springframework.boot.test.mock.mockito.ResetMocksTestExecutionListener@4b6c5fa2]
]]></system-out>
  <system-err><![CDATA[]]></system-err>
</testsuite>
